<?xml version="1.0" encoding="UTF-8"?>
<!--
 Copyright 2010 Torkjel Hongve (torkjelh@conduct.no)

 This file is part of Upside.

 Upside is free software: you can redistribute it and/or modify
 it under the terms of the GNU General Public License as published by
 the Free Software Foundation, either version 3 of the License, or
 (at your option) any later version.

 Upside is distributed in the hope that it will be useful,
 but WITHOUT ANY WARRANTY; without even the implied warranty of
 MERCHANTABILITY or FITNESS FOR A PARTICULAR PURPOSE.  See the
 GNU General Public License for more details.

 You should have received a copy of the GNU General Public License
 along with Upside.  If not, see <http://www.gnu.org/licenses/>.
-->
<site>

   <description url="http://znoof.naff/">
    The Znoof-Naff update site
   </description>

   <feature url="features/znoof_2.0.jar" id="znoof" version="2.0">
      <category name="naff"/>
   </feature>

   <feature url="features/bar_1.1.jar" id="bar" version="1.1">
      <category name="naff"/>
      <category name="xyzzy"/>
   </feature>

   <archive path="plugins/foo_1.0.jar" url="plugins/foo_1.0.jar"/>
   <archive path="plugins/znoof_2.0.jar" url="plugins/znoof_2.0.jar"/>

   <category-def name="naff" label="Naff plugins">
      <description>
        This is the Naff plugins
      </description>
   </category-def>

   <category-def name="xyzzy" label="Xyzzy plugins"/>

</site>
