<?xml version="1.0" encoding="UTF-8"?>
<!--
 Copyright 2010 Torkjel Hongve (torkjelh@conduct.no)

 This file is part of Upside.

 Upside is free software: you can redistribute it and/or modify
 it under the terms of the GNU General Public License as published by
 the Free Software Foundation, either version 3 of the License, or
 (at your option) any later version.

 Upside is distributed in the hope that it will be useful,
 but WITHOUT ANY WARRANTY; without even the implied warranty of
 MERCHANTABILITY or FITNESS FOR A PARTICULAR PURPOSE.  See the
 GNU General Public License for more details.

 You should have received a copy of the GNU General Public License
 along with Upside.  If not, see <http://www.gnu.org/licenses/>.
-->
<site>
   <description url="http://foo.bar/"/>

   <feature url="1" id="foo" version="1.0"/>

   <feature url="2" id="bar" version="1.1">
      <category name="barc"/>
   </feature>

   <feature url="3" id="zoo" patch="true" version="1.2">
      <category name="barc"/>
      <category name="wizzy"/>
   </feature>

   <category-def name="barc" label="Xyzzy plugins"/>
   <category-def name="wizzy" label="Wizzy plugins"/>
   <category-def name="kizzy" label="Kizzy plugins"/>

</site>
